This is pdfTeX, Version 3.14159265-2.6-1.40.18 (MiKTeX 2.9.6350 64-bit) (preloaded format=pdflatex 2017.8.16)  11 OCT 2018 01:12
entering extended mode
**C:/Users/pauld/Downloads/poster.tex
(C:/Users/pauld/Downloads/poster.tex
LaTeX2e <2017-04-15>
Babel <3.10> and hyphenation patterns for 75 language(s) loaded.
(C:\__APP__\MiKTeX_2.9\tex\latex\a0poster\a0poster.cls
Document Class: a0poster 2004/01/31 v1.22b a0poster class (GK, MW)
(C:\__APP__\MiKTeX_2.9\tex\latex\base\article.cls
Document Class: article 2014/09/29 v1.4h Standard LaTeX document class
(C:\__APP__\MiKTeX_2.9\tex\latex\base\size10.clo
File: size10.clo 2014/09/29 v1.4h Standard LaTeX file (size option)
)
\c@part=\count79
\c@section=\count80
\c@subsection=\count81
\c@subsubsection=\count82
\c@paragraph=\count83
\c@subparagraph=\count84
\c@figure=\count85
\c@table=\count86
\abovecaptionskip=\skip41
\belowcaptionskip=\skip42
\bibindent=\dimen102
)
\xkoord=\count87
\ykoord=\count88
\xscale=\count89
\yscale=\count90
\Ausgabe=\write3
\openout3 = `a0header.ps'.


(C:\__APP__\MiKTeX_2.9\tex\latex\a0poster\a0size.sty
File: a0size.sty 2004/01/31 v1.22b a0poster class (GK, MW)
LaTeX Font Info:    Redeclaring symbol font `largesymbols' on input line 229.
LaTeX Font Info:    Overwriting symbol font `largesymbols' in version `normal'
(Font)                  OMX/cmex/m/n --> OMX/cmex/m/n on input line 229.
LaTeX Font Info:    Overwriting symbol font `largesymbols' in version `bold'
(Font)                  OMX/cmex/m/n --> OMX/cmex/m/n on input line 229.
\big@size=\dimen103
))
(C:\__APP__\MiKTeX_2.9\tex\latex\textpos\textpos.sty
Package: textpos 2016/06/07 v1.8

Package: textpos 2016/06/07 1.8, absolute positioning of text on the page
(C:\__APP__\MiKTeX_2.9\tex\latex\ms\everyshi.sty
Package: everyshi 2001/05/15 v3.00 EveryShipout Package (MS)
)
(C:\__APP__\MiKTeX_2.9\tex\latex\graphics\keyval.sty
Package: keyval 2014/10/28 v1.15 key=value parser (DPC)
\KV@toks@=\toks14
)
\TP@textbox=\box26
\TP@holdbox=\box27
\TPHorizModule=\dimen104
\TPVertModule=\dimen105
\TP@margin=\dimen106
\TP@absmargin=\dimen107

Grid set 16 x 16 = 211.29729pt x 149.30585pt
\TPboxrulesize=\dimen108
\TP@ox=\dimen109
\TP@oy=\dimen110
\TP@tbargs=\toks15
\TP@prevdepth=\dimen111
TextBlockOrigin set to 0pt x 0pt
) (C:\__APP__\MiKTeX_2.9\tex\latex\graphics\graphics.sty
Package: graphics 2017/04/14 v1.1b Standard LaTeX Graphics (DPC,SPQR)

(C:\__APP__\MiKTeX_2.9\tex\latex\graphics\trig.sty
Package: trig 2016/01/03 v1.10 sin cos tan (DPC)
)
(C:\__APP__\MiKTeX_2.9\tex\latex\graphics-cfg\graphics.cfg
File: graphics.cfg 2016/06/04 v1.11 sample graphics configuration
)
Package graphics Info: Driver file: pdftex.def on input line 99.

(C:\__APP__\MiKTeX_2.9\tex\latex\graphics-def\pdftex.def
File: pdftex.def 2017/01/12 v0.06k Graphics/color for pdfTeX

(C:\__APP__\MiKTeX_2.9\tex\generic\oberdiek\infwarerr.sty
Package: infwarerr 2016/05/16 v1.4 Providing info/warning/error messages (HO)
)
(C:\__APP__\MiKTeX_2.9\tex\generic\oberdiek\ltxcmds.sty
Package: ltxcmds 2016/05/16 v1.23 LaTeX kernel commands for general use (HO)
)
\Gread@gobject=\count91
))
(C:\__APP__\MiKTeX_2.9\tex\latex\wrapfig\wrapfig.sty
\wrapoverhang=\dimen112
\WF@size=\dimen113
\c@WF@wrappedlines=\count92
\WF@box=\box28
\WF@everypar=\toks16
Package: wrapfig 2003/01/31  v 3.6
)
(C:\__APP__\MiKTeX_2.9\tex\latex\psnfss\helvet.sty
Package: helvet 2005/04/12 PSNFSS-v9.2a (WaS) 
)
(C:\__APP__\MiKTeX_2.9\tex\latex\amsmath\amsmath.sty
Package: amsmath 2016/11/05 v2.16a AMS math features
\@mathmargin=\skip43

For additional information on amsmath, use the `?' option.
(C:\__APP__\MiKTeX_2.9\tex\latex\amsmath\amstext.sty
Package: amstext 2000/06/29 v2.01 AMS text

(C:\__APP__\MiKTeX_2.9\tex\latex\amsmath\amsgen.sty
File: amsgen.sty 1999/11/30 v2.0 generic functions
\@emptytoks=\toks17
\ex@=\dimen114
))
(C:\__APP__\MiKTeX_2.9\tex\latex\amsmath\amsbsy.sty
Package: amsbsy 1999/11/29 v1.2d Bold Symbols
\pmbraise@=\dimen115
)
(C:\__APP__\MiKTeX_2.9\tex\latex\amsmath\amsopn.sty
Package: amsopn 2016/03/08 v2.02 operator names
)
\inf@bad=\count93
LaTeX Info: Redefining \frac on input line 213.
\uproot@=\count94
\leftroot@=\count95
LaTeX Info: Redefining \overline on input line 375.
\classnum@=\count96
\DOTSCASE@=\count97
LaTeX Info: Redefining \ldots on input line 472.
LaTeX Info: Redefining \dots on input line 475.
LaTeX Info: Redefining \cdots on input line 596.
\Mathstrutbox@=\box29
\strutbox@=\box30
\big@size=\dimen116
LaTeX Font Info:    Redeclaring font encoding OML on input line 712.
LaTeX Font Info:    Redeclaring font encoding OMS on input line 713.
\macc@depth=\count98
\c@MaxMatrixCols=\count99
\dotsspace@=\muskip10
\c@parentequation=\count100
\dspbrk@lvl=\count101
\tag@help=\toks18
\row@=\count102
\column@=\count103
\maxfields@=\count104
\andhelp@=\toks19
\eqnshift@=\dimen117
\alignsep@=\dimen118
\tagshift@=\dimen119
\tagwidth@=\dimen120
\totwidth@=\dimen121
\lineht@=\dimen122
\@envbody=\toks20
\multlinegap=\skip44
\multlinetaggap=\skip45
\mathdisplay@stack=\toks21
LaTeX Info: Redefining \[ on input line 2817.
LaTeX Info: Redefining \] on input line 2818.
)
(C:\__APP__\MiKTeX_2.9\tex\latex\graphics\color.sty
Package: color 2016/07/10 v1.1e Standard LaTeX Color (DPC)

(C:\__APP__\MiKTeX_2.9\tex\latex\graphics-cfg\color.cfg
File: color.cfg 2016/01/02 v1.6 sample color configuration
)
Package color Info: Driver file: pdftex.def on input line 147.
)
Grid set 23 x 12 = 137.0928pt x 180.10596pt
TextBlockOrigin set to 40mm x 40mm
No file poster.aux.
\openout1 = `poster.aux'.

LaTeX Font Info:    Checking defaults for OML/cmm/m/it on input line 78.
LaTeX Font Info:    ... okay on input line 78.
LaTeX Font Info:    Checking defaults for T1/cmr/m/n on input line 78.
LaTeX Font Info:    ... okay on input line 78.
LaTeX Font Info:    Checking defaults for OT1/cmr/m/n on input line 78.
LaTeX Font Info:    ... okay on input line 78.
LaTeX Font Info:    Checking defaults for OMS/cmsy/m/n on input line 78.
LaTeX Font Info:    ... okay on input line 78.
LaTeX Font Info:    Checking defaults for OMX/cmex/m/n on input line 78.
LaTeX Font Info:    ... okay on input line 78.
LaTeX Font Info:    Checking defaults for U/cmr/m/n on input line 78.
LaTeX Font Info:    ... okay on input line 78.
ABD: EveryShipout initializing macros
(C:\__APP__\MiKTeX_2.9\tex\context\base\supp-pdf.mkii
[Loading MPS to PDF converter (version 2006.09.02).]
\scratchcounter=\count105
\scratchdimen=\dimen123
\scratchbox=\box31
\nofMPsegments=\count106
\nofMParguments=\count107
\everyMPshowfont=\toks22
\MPscratchCnt=\count108
\MPscratchDim=\dimen124
\MPnumerator=\count109
\makeMPintoPDFobject=\count110
\everyMPtoPDFconversion=\toks23
) (C:\__APP__\MiKTeX_2.9\tex\generic\oberdiek\pdftexcmds.sty
Package: pdftexcmds 2017/03/19 v0.25 Utility functions of pdfTeX for LuaTeX (HO
)

(C:\__APP__\MiKTeX_2.9\tex\generic\oberdiek\ifluatex.sty
Package: ifluatex 2016/05/16 v1.4 Provides the ifluatex switch (HO)
Package ifluatex Info: LuaTeX not detected.
)
(C:\__APP__\MiKTeX_2.9\tex\generic\oberdiek\ifpdf.sty
Package: ifpdf 2017/03/15 v3.2 Provides the ifpdf switch
)
Package pdftexcmds Info: LuaTeX not detected.
Package pdftexcmds Info: \pdf@primitive is available.
Package pdftexcmds Info: \pdf@ifprimitive is available.
Package pdftexcmds Info: \pdfdraftmode found.
)
(C:\__APP__\MiKTeX_2.9\tex\latex\oberdiek\epstopdf-base.sty
Package: epstopdf-base 2016/05/15 v2.6 Base part for package epstopdf

(C:\__APP__\MiKTeX_2.9\tex\latex\oberdiek\grfext.sty
Package: grfext 2016/05/16 v1.2 Manage graphics extensions (HO)

(C:\__APP__\MiKTeX_2.9\tex\generic\oberdiek\kvdefinekeys.sty
Package: kvdefinekeys 2016/05/16 v1.4 Define keys (HO)
))
(C:\__APP__\MiKTeX_2.9\tex\latex\oberdiek\kvoptions.sty
Package: kvoptions 2016/05/16 v3.12 Key value format for package options (HO)

(C:\__APP__\MiKTeX_2.9\tex\generic\oberdiek\kvsetkeys.sty
Package: kvsetkeys 2016/05/16 v1.17 Key value parser (HO)

(C:\__APP__\MiKTeX_2.9\tex\generic\oberdiek\etexcmds.sty
Package: etexcmds 2016/05/16 v1.6 Avoid name clashes with e-TeX commands (HO)
Package etexcmds Info: Could not find \expanded.
(etexcmds)             That can mean that you are not using pdfTeX 1.50 or
(etexcmds)             that some package has redefined \expanded.
(etexcmds)             In the latter case, load this package earlier.
)))
Package epstopdf-base Info: Redefining graphics rule for `.eps' on input line 4
38.
Package grfext Info: Graphics extension search list:
(grfext)             [.png,.pdf,.jpg,.mps,.jpeg,.jbig2,.jb2,.PNG,.PDF,.JPG,.JPE
G,.JBIG2,.JB2,.eps]
(grfext)             \AppendGraphicsExtensions on input line 456.
)

LaTeX Warning: File `ucl_bar_black.eps' not found on input line 84.

Package epstopdf Info: Source file: <ucl_bar_black.eps>
(epstopdf)             Output file: <ucl_bar_black-eps-converted-to.pdf>
(epstopdf)             Command: <epstopdf --outfile=ucl_bar_black-eps-converted
-to.pdf ucl_bar_black.eps>
(epstopdf)             \includegraphics on input line 84.
Package epstopdf Info: Output file is already uptodate.

! Package pdftex.def Error: File `ucl_bar_black-eps-converted-to.pdf' not found
.

See the pdftex.def package documentation for explanation.
Type  H <return>  for immediate help.
 ...                                              
                                                  
l.84 \includegraphics{ucl_bar_black.eps}
                                        
? 
LaTeX Font Info:    Try loading font information for OT1+phv on input line 87.
(C:\__APP__\MiKTeX_2.9\tex\latex\psnfss\ot1phv.fd
File: ot1phv.fd 2001/06/04 scalable font definitions for OT1/phv.
)

LaTeX Font Warning: Font shape `OMX/cmex/m/n' in size <107> not available
(Font)              size <24.88> substituted on input line 87.


LaTeX Font Warning: Font shape `OMX/cmex/m/n' in size <74.3> not available
(Font)              size <24.88> substituted on input line 87.


LaTeX Font Warning: Font shape `OMX/cmex/m/n' in size <51.6> not available
(Font)              size <24.88> substituted on input line 87.


LaTeX Font Warning: Font shape `OMX/cmex/m/n' in size <43> not available
(Font)              size <24.88> substituted on input line 87.


LaTeX Font Warning: Font shape `OMX/cmex/m/n' in size <35.83> not available
(Font)              size <24.88> substituted on input line 87.


Overfull \hbox (193.26846pt too wide) in paragraph at lines 83--89
[]| [] $[]$ 
 []


LaTeX Warning: File `fig1.eps' not found on input line 113.

Package epstopdf Info: Source file: <fig1.eps>
(epstopdf)             Output file: <fig1-eps-converted-to.pdf>
(epstopdf)             Command: <epstopdf --outfile=fig1-eps-converted-to.pdf f
ig1.eps>
(epstopdf)             \includegraphics on input line 113.
Package epstopdf Info: Output file is already uptodate.

! Package pdftex.def Error: File `fig1-eps-converted-to.pdf' not found.

See the pdftex.def package documentation for explanation.
Type  H <return>  for immediate help.
 ...                                              
                                                  
l.113 \begin{center}\includegraphics{fig1.eps}
                                              \end{center}
? 

LaTeX Warning: File `fig2.eps' not found on input line 189.

Package epstopdf Info: Source file: <fig2.eps>
(epstopdf)             Output file: <fig2-eps-converted-to.pdf>
(epstopdf)             Command: <epstopdf --outfile=fig2-eps-converted-to.pdf f
ig2.eps>
(epstopdf)             \includegraphics on input line 189.
Package epstopdf Info: Output file is already uptodate.

! Package pdftex.def Error: File `fig2-eps-converted-to.pdf' not found.

See the pdftex.def package documentation for explanation.
Type  H <return>  for immediate help.
 ...                                              
                                                  
l.189 ...alebox{2.22}{\includegraphics{fig2.eps}}}
                                                  
? 
LaTeX Font Info:    Try loading font information for OMS+phv on input line 230.

(C:\__APP__\MiKTeX_2.9\tex\latex\psnfss\omsphv.fd
File: omsphv.fd 
)
LaTeX Font Info:    Font shape `OMS/phv/m/n' in size <24.88> not available
(Font)              Font shape `OMS/cmsy/m/n' tried instead on input line 230.
 [1{C:/Users/pauld/AppData/Local/MiKTeX/2.9/pdftex/config/pdftex.map}


Non-PDF special ignored!
Non-PDF special ignored!] (poster.aux)

LaTeX Font Warning: Size substitutions with differences
(Font)              up to 82.12pt have occurred.

 ) 
Here is how much of TeX's memory you used:
 2441 strings out of 493323
 35044 string characters out of 3141678
 109311 words of memory out of 3000000
 5941 multiletter control sequences out of 15000+200000
 22651 words of font info for 55 fonts, out of 3000000 for 9000
 1141 hyphenation exceptions out of 8191
 39i,9n,25p,845b,271s stack positions out of 5000i,500n,10000p,200000b,50000s
{C:/__APP__/MiKTeX_2.9/fonts/enc/dvips/base/8r.enc}<C:/__APP__/MiKTeX_2.9/fon
ts/type1/public/amsfonts/cm/cmex10.pfb><C:/__APP__/MiKTeX_2.9/fonts/type1/publi
c/amsfonts/cm/cmmi12.pfb><C:/__APP__/MiKTeX_2.9/fonts/type1/public/amsfonts/cm/
cmr17.pfb><C:/__APP__/MiKTeX_2.9/fonts/type1/public/amsfonts/cm/cmsy10.pfb><C:/
__APP__/MiKTeX_2.9/fonts/type1/public/amsfonts/cm/cmtt12.pfb><C:/__APP__/MiKTeX
_2.9/fonts/type1/urw/helvetic/uhvr8a.pfb>
Output written on poster.pdf (1 page, 65284 bytes).
PDF statistics:
 31 PDF objects out of 1000 (max. 8388607)
 0 named destinations out of 1000 (max. 500000)
 1 words of extra memory for PDF output out of 10000 (max. 10000000)

